{"meta": {"format": 3, "version": "7.13.1", "timestamp": "2026-01-14T19:01:39.133598", "branch_coverage": false, "show_contexts": false}, "files": {"src/spinalmodes/__init__.py": {"executed_lines": [3, 5, 8, 10, 17], "summary": {"covered_lines": 5, "num_statements": 6, "percent_covered": 83.33333333333333, "percent_covered_display": "83", "missing_lines": 1, "excluded_lines": 0, "percent_statements_covered": 83.33333333333333, "percent_statements_covered_display": "83"}, "missing_lines": [6], "excluded_lines": [], "functions": {"": {"executed_lines": [3, 5, 8, 10, 17], "summary": {"covered_lines": 5, "num_statements": 6, "percent_covered": 83.33333333333333, "percent_covered_display": "83", "missing_lines": 1, "excluded_lines": 0, "percent_statements_covered": 83.33333333333333, "percent_statements_covered_display": "83"}, "missing_lines": [6], "excluded_lines": [], "start_line": 1}}, "classes": {"": {"executed_lines": [3, 5, 8, 10, 17], "summary": {"covered_lines": 5, "num_statements": 6, "percent_covered": 83.33333333333333, "percent_covered_display": "83", "missing_lines": 1, "excluded_lines": 0, "percent_statements_covered": 83.33333333333333, "percent_statements_covered_display": "83"}, "missing_lines": [6], "excluded_lines": [], "start_line": 1}}}, "src/spinalmodes/cli.py": {"executed_lines": [3, 5, 6, 8, 9, 16, 17, 19, 21, 26, 31, 36, 51, 56, 58, 59, 66], "summary": {"covered_lines": 17, "num_statements": 31, "percent_covered": 54.83870967741935, "percent_covered_display": "55", "missing_lines": 14, "excluded_lines": 2, "percent_statements_covered": 54.83870967741935, "percent_statements_covered_display": "55"}, "missing_lines": [23, 28, 33, 38, 45, 46, 47, 48, 53, 61, 63, 67, 68, 71], "excluded_lines": [10, 14], "functions": {"_run": {"executed_lines": [], "summary": {"covered_lines": 0, "num_statements": 1, "percent_covered": 0.0, "percent_covered_display": "0", "missing_lines": 1, "excluded_lines": 0, "percent_statements_covered": 0.0, "percent_statements_covered_display": "0"}, "missing_lines": [28], "excluded_lines": [], "start_line": 26}, "cmd_validate": {"executed_lines": [], "summary": {"covered_lines": 0, "num_statements": 1, "percent_covered": 0.0, "percent_covered_display": "0", "missing_lines": 1, "excluded_lines": 0, "percent_statements_covered": 0.0, "percent_statements_covered_display": "0"}, "missing_lines": [33], "excluded_lines": [], "start_line": 31}, "cmd_figures": {"executed_lines": [], "summary": {"covered_lines": 0, "num_statements": 5, "percent_covered": 0.0, "percent_covered_display": "0", "missing_lines": 5, "excluded_lines": 0, "percent_statements_covered": 0.0, "percent_statements_covered_display": "0"}, "missing_lines": [38, 45, 46, 47, 48], "excluded_lines": [], "start_line": 36}, "cmd_paper": {"executed_lines": [], "summary": {"covered_lines": 0, "num_statements": 1, "percent_covered": 0.0, "percent_covered_display": "0", "missing_lines": 1, "excluded_lines": 0, "percent_statements_covered": 0.0, "percent_statements_covered_display": "0"}, "missing_lines": [53], "excluded_lines": [], "start_line": 51}, "version": {"executed_lines": [], "summary": {"covered_lines": 0, "num_statements": 2, "percent_covered": 0.0, "percent_covered_display": "0", "missing_lines": 2, "excluded_lines": 0, "percent_statements_covered": 0.0, "percent_statements_covered_display": "0"}, "missing_lines": [61, 63], "excluded_lines": [], "start_line": 59}, "": {"executed_lines": [3, 5, 6, 8, 9, 16, 17, 19, 21, 26, 31, 36, 51, 56, 58, 59, 66], "summary": {"covered_lines": 17, "num_statements": 21, "percent_covered": 80.95238095238095, "percent_covered_display": "81", "missing_lines": 4, "excluded_lines": 2, "percent_statements_covered": 80.95238095238095, "percent_statements_covered_display": "81"}, "missing_lines": [23, 67, 68, 71], "excluded_lines": [10, 14], "start_line": 1}}, "classes": {"": {"executed_lines": [3, 5, 6, 8, 9, 16, 17, 19, 21, 26, 31, 36, 51, 56, 58, 59, 66], "summary": {"covered_lines": 17, "num_statements": 31, "percent_covered": 54.83870967741935, "percent_covered_display": "55", "missing_lines": 14, "excluded_lines": 2, "percent_statements_covered": 54.83870967741935, "percent_statements_covered_display": "55"}, "missing_lines": [23, 28, 33, 38, 45, 46, 47, 48, 53, 61, 63, 67, 68, 71], "excluded_lines": [10, 14], "start_line": 1}}}, "src/spinalmodes/countercurvature/__init__.py": {"executed_lines": [3, 4, 5, 6, 12, 17, 19], "summary": {"covered_lines": 7, "num_statements": 7, "percent_covered": 100.0, "percent_covered_display": "100", "missing_lines": 0, "excluded_lines": 0, "percent_statements_covered": 100.0, "percent_statements_covered_display": "100"}, "missing_lines": [], "excluded_lines": [], "functions": {"": {"executed_lines": [3, 4, 5, 6, 12, 17, 19], "summary": {"covered_lines": 7, "num_statements": 7, "percent_covered": 100.0, "percent_covered_display": "100", "missing_lines": 0, "excluded_lines": 0, "percent_statements_covered": 100.0, "percent_statements_covered_display": "100"}, "missing_lines": [], "excluded_lines": [], "start_line": 1}}, "classes": {"": {"executed_lines": [3, 4, 5, 6, 12, 17, 19], "summary": {"covered_lines": 7, "num_statements": 7, "percent_covered": 100.0, "percent_covered_display": "100", "missing_lines": 0, "excluded_lines": 0, "percent_statements_covered": 100.0, "percent_statements_covered_display": "100"}, "missing_lines": [], "excluded_lines": [], "start_line": 1}}}, "src/spinalmodes/countercurvature/api.py": {"executed_lines": [18, 23, 29, 33, 34, 41], "summary": {"covered_lines": 6, "num_statements": 6, "percent_covered": 100.0, "percent_covered_display": "100", "missing_lines": 0, "excluded_lines": 0, "percent_statements_covered": 100.0, "percent_statements_covered_display": "100"}, "missing_lines": [], "excluded_lines": [], "functions": {"": {"executed_lines": [18, 23, 29, 33, 34, 41], "summary": {"covered_lines": 6, "num_statements": 6, "percent_covered": 100.0, "percent_covered_display": "100", "missing_lines": 0, "excluded_lines": 0, "percent_statements_covered": 100.0, "percent_statements_covered_display": "100"}, "missing_lines": [], "excluded_lines": [], "start_line": 1}}, "classes": {"": {"executed_lines": [18, 23, 29, 33, 34, 41], "summary": {"covered_lines": 6, "num_statements": 6, "percent_covered": 100.0, "percent_covered_display": "100", "missing_lines": 0, "excluded_lines": 0, "percent_statements_covered": 100.0, "percent_statements_covered_display": "100"}, "missing_lines": [], "excluded_lines": [], "start_line": 1}}}, "src/spinalmodes/countercurvature/coupling.py": {"executed_lines": [10, 12, 14, 15, 17, 19, 22, 46, 47, 48, 49, 50, 52, 55, 57, 60, 61, 63, 67, 73, 105, 108, 110, 111, 114, 115, 117, 125, 129, 132, 134, 137, 176], "summary": {"covered_lines": 33, "num_statements": 52, "percent_covered": 63.46153846153846, "percent_covered_display": "63", "missing_lines": 19, "excluded_lines": 0, "percent_statements_covered": 63.46153846153846, "percent_statements_covered_display": "63"}, "missing_lines": [56, 64, 68, 113, 118, 119, 120, 121, 123, 165, 166, 167, 169, 170, 171, 172, 173, 184, 185], "excluded_lines": [], "functions": {"CounterCurvatureParams.nondimensional_gradient": {"executed_lines": [55, 57], "summary": {"covered_lines": 2, "num_statements": 3, "percent_covered": 66.66666666666667, "percent_covered_display": "67", "missing_lines": 1, "excluded_lines": 0, "percent_statements_covered": 66.66666666666667, "percent_statements_covered_display": "67"}, "missing_lines": [56], "excluded_lines": [], "start_line": 52}, "_validate_shapes": {"executed_lines": [61, 63, 67], "summary": {"covered_lines": 3, "num_statements": 5, "percent_covered": 60.0, "percent_covered_display": "60", "missing_lines": 2, "excluded_lines": 0, "percent_statements_covered": 60.0, "percent_statements_covered_display": "60"}, "missing_lines": [64, 68], "excluded_lines": [], "start_line": 60}, "compute_rest_curvature": {"executed_lines": [105, 108, 110, 111, 114, 115, 117, 125, 129, 132, 134], "summary": {"covered_lines": 11, "num_statements": 17, "percent_covered": 64.70588235294117, "percent_covered_display": "65", "missing_lines": 6, "excluded_lines": 0, "percent_statements_covered": 64.70588235294117, "percent_statements_covered_display": "65"}, "missing_lines": [113, 118, 119, 120, 121, 123], "excluded_lines": [], "start_line": 73}, "compute_effective_stiffness": {"executed_lines": [], "summary": {"covered_lines": 0, "num_statements": 8, "percent_covered": 0.0, "percent_covered_display": "0", "missing_lines": 8, "excluded_lines": 0, "percent_statements_covered": 0.0, "percent_statements_covered_display": "0"}, "missing_lines": [165, 166, 167, 169, 170, 171, 172, 173], "excluded_lines": [], "start_line": 137}, "compute_active_moments": {"executed_lines": [], "summary": {"covered_lines": 0, "num_statements": 2, "percent_covered": 0.0, "percent_covered_display": "0", "missing_lines": 2, "excluded_lines": 0, "percent_statements_covered": 0.0, "percent_statements_covered_display": "0"}, "missing_lines": [184, 185], "excluded_lines": [], "start_line": 176}, "": {"executed_lines": [10, 12, 14, 15, 17, 19, 22, 46, 47, 48, 49, 50, 52, 60, 73, 137, 176], "summary": {"covered_lines": 17, "num_statements": 17, "percent_covered": 100.0, "percent_covered_display": "100", "missing_lines": 0, "excluded_lines": 0, "percent_statements_covered": 100.0, "percent_statements_covered_display": "100"}, "missing_lines": [], "excluded_lines": [], "start_line": 1}}, "classes": {"CounterCurvatureParams": {"executed_lines": [55, 57], "summary": {"covered_lines": 2, "num_statements": 3, "percent_covered": 66.66666666666667, "percent_covered_display": "67", "missing_lines": 1, "excluded_lines": 0, "percent_statements_covered": 66.66666666666667, "percent_statements_covered_display": "67"}, "missing_lines": [56], "excluded_lines": [], "start_line": 22}, "": {"executed_lines": [10, 12, 14, 15, 17, 19, 22, 46, 47, 48, 49, 50, 52, 60, 61, 63, 67, 73, 105, 108, 110, 111, 114, 115, 117, 125, 129, 132, 134, 137, 176], "summary": {"covered_lines": 31, "num_statements": 49, "percent_covered": 63.265306122448976, "percent_covered_display": "63", "missing_lines": 18, "excluded_lines": 0, "percent_statements_covered": 63.265306122448976, "percent_statements_covered_display": "63"}, "missing_lines": [64, 68, 113, 118, 119, 120, 121, 123, 165, 166, 167, 169, 170, 171, 172, 173, 184, 185], "excluded_lines": [], "start_line": 1}}}, "src/spinalmodes/countercurvature/info_fields.py": {"executed_lines": [14, 16, 17, 19, 20, 22, 25, 26, 28, 32, 53, 75, 76, 77, 79, 92, 97, 98, 103, 104, 145, 146, 154, 155, 156, 158, 159, 162, 163, 173, 174, 176, 185, 197, 198], "summary": {"covered_lines": 35, "num_statements": 62, "percent_covered": 56.45161290322581, "percent_covered_display": "56", "missing_lines": 27, "excluded_lines": 0, "percent_statements_covered": 56.45161290322581, "percent_statements_covered_display": "56"}, "missing_lines": [27, 29, 48, 49, 50, 95, 101, 129, 130, 131, 132, 134, 135, 137, 138, 139, 143, 157, 177, 178, 180, 181, 182, 183, 194, 195, 201], "excluded_lines": [], "functions": {"_validate_monotonic_grid": {"executed_lines": [26, 28], "summary": {"covered_lines": 2, "num_statements": 4, "percent_covered": 50.0, "percent_covered_display": "50", "missing_lines": 2, "excluded_lines": 0, "percent_statements_covered": 50.0, "percent_statements_covered_display": "50"}, "missing_lines": [27, 29], "excluded_lines": [], "start_line": 25}, "make_uniform_grid": {"executed_lines": [], "summary": {"covered_lines": 0, "num_statements": 3, "percent_covered": 0.0, "percent_covered_display": "0", "missing_lines": 3, "excluded_lines": 0, "percent_statements_covered": 0.0, "percent_statements_covered_display": "0"}, "missing_lines": [48, 49, 50], "excluded_lines": [], "start_line": 32}, "InfoField1D.as_dict": {"executed_lines": [], "summary": {"covered_lines": 0, "num_statements": 1, "percent_covered": 0.0, "percent_covered_display": "0", "missing_lines": 1, "excluded_lines": 0, "percent_statements_covered": 0.0, "percent_statements_covered_display": "0"}, "missing_lines": [95], "excluded_lines": [], "start_line": 92}, "InfoField1D.n_points": {"executed_lines": [], "summary": {"covered_lines": 0, "num_statements": 1, "percent_covered": 0.0, "percent_covered_display": "0", "missing_lines": 1, "excluded_lines": 0, "percent_statements_covered": 0.0, "percent_statements_covered_display": "0"}, "missing_lines": [101], "excluded_lines": [], "start_line": 98}, "InfoField1D.from_callable": {"executed_lines": [], "summary": {"covered_lines": 0, "num_statements": 10, "percent_covered": 0.0, "percent_covered_display": "0", "missing_lines": 10, "excluded_lines": 0, "percent_statements_covered": 0.0, "percent_statements_covered_display": "0"}, "missing_lines": [129, 130, 131, 132, 134, 135, 137, 138, 139, 143], "excluded_lines": [], "start_line": 104}, "InfoField1D.from_array": {"executed_lines": [154, 155, 156, 158, 159], "summary": {"covered_lines": 5, "num_statements": 6, "percent_covered": 83.33333333333333, "percent_covered_display": "83", "missing_lines": 1, "excluded_lines": 0, "percent_statements_covered": 83.33333333333333, "percent_statements_covered_display": "83"}, "missing_lines": [157], "excluded_lines": [], "start_line": 146}, "InfoFieldTimeSeries.__post_init__": {"executed_lines": [], "summary": {"covered_lines": 0, "num_statements": 6, "percent_covered": 0.0, "percent_covered_display": "0", "missing_lines": 6, "excluded_lines": 0, "percent_statements_covered": 0.0, "percent_statements_covered_display": "0"}, "missing_lines": [177, 178, 180, 181, 182, 183], "excluded_lines": [], "start_line": 176}, "InfoFieldTimeSeries.get_field_at": {"executed_lines": [], "summary": {"covered_lines": 0, "num_statements": 2, "percent_covered": 0.0, "percent_covered_display": "0", "missing_lines": 2, "excluded_lines": 0, "percent_statements_covered": 0.0, "percent_statements_covered_display": "0"}, "missing_lines": [194, 195], "excluded_lines": [], "start_line": 185}, "InfoFieldTimeSeries.n_times": {"executed_lines": [], "summary": {"covered_lines": 0, "num_statements": 1, "percent_covered": 0.0, "percent_covered_display": "0", "missing_lines": 1, "excluded_lines": 0, "percent_statements_covered": 0.0, "percent_statements_covered_display": "0"}, "missing_lines": [201], "excluded_lines": [], "start_line": 198}, "": {"executed_lines": [14, 16, 17, 19, 20, 22, 25, 32, 53, 75, 76, 77, 79, 92, 97, 98, 103, 104, 145, 146, 162, 163, 173, 174, 176, 185, 197, 198], "summary": {"covered_lines": 28, "num_statements": 28, "percent_covered": 100.0, "percent_covered_display": "100", "missing_lines": 0, "excluded_lines": 0, "percent_statements_covered": 100.0, "percent_statements_covered_display": "100"}, "missing_lines": [], "excluded_lines": [], "start_line": 1}}, "classes": {"InfoField1D": {"executed_lines": [154, 155, 156, 158, 159], "summary": {"covered_lines": 5, "num_statements": 18, "percent_covered": 27.77777777777778, "percent_covered_display": "28", "missing_lines": 13, "excluded_lines": 0, "percent_statements_covered": 27.77777777777778, "percent_statements_covered_display": "28"}, "missing_lines": [95, 101, 129, 130, 131, 132, 134, 135, 137, 138, 139, 143, 157], "excluded_lines": [], "start_line": 53}, "InfoFieldTimeSeries": {"executed_lines": [], "summary": {"covered_lines": 0, "num_statements": 9, "percent_covered": 0.0, "percent_covered_display": "0", "missing_lines": 9, "excluded_lines": 0, "percent_statements_covered": 0.0, "percent_statements_covered_display": "0"}, "missing_lines": [177, 178, 180, 181, 182, 183, 194, 195, 201], "excluded_lines": [], "start_line": 163}, "": {"executed_lines": [14, 16, 17, 19, 20, 22, 25, 26, 28, 32, 53, 75, 76, 77, 79, 92, 97, 98, 103, 104, 145, 146, 162, 163, 173, 174, 176, 185, 197, 198], "summary": {"covered_lines": 30, "num_statements": 35, "percent_covered": 85.71428571428571, "percent_covered_display": "86", "missing_lines": 5, "excluded_lines": 0, "percent_statements_covered": 85.71428571428571, "percent_statements_covered_display": "86"}, "missing_lines": [27, 29, 48, 49, 50], "excluded_lines": [], "start_line": 1}}}, "src/spinalmodes/countercurvature/pyelastica_bridge.py": {"executed_lines": [10, 12, 13, 15, 16, 18, 24, 26, 29, 30, 32, 33, 35, 36, 37, 38, 39, 40, 41, 42, 43, 44, 45, 46, 47, 48, 50, 51, 52, 53, 54, 55, 57, 58, 65, 66, 70, 78, 80, 84, 87, 88, 102, 103, 199, 278], "summary": {"covered_lines": 46, "num_statements": 123, "percent_covered": 37.39837398373984, "percent_covered_display": "37", "missing_lines": 77, "excluded_lines": 0, "percent_statements_covered": 37.39837398373984, "percent_statements_covered_display": "37"}, "missing_lines": [31, 63, 68, 71, 72, 81, 82, 85, 95, 96, 97, 98, 99, 100, 121, 124, 137, 142, 143, 144, 149, 150, 151, 155, 156, 160, 161, 162, 167, 168, 172, 178, 179, 180, 182, 185, 186, 187, 190, 194, 195, 197, 210, 212, 213, 215, 216, 219, 221, 227, 228, 231, 234, 235, 238, 241, 242, 243, 244, 245, 246, 247, 248, 249, 251, 253, 254, 256, 257, 258, 263, 264, 265, 266, 267, 269, 271], "excluded_lines": [], "functions": {"SimulationResult.curvature": {"executed_lines": [], "summary": {"covered_lines": 0, "num_statements": 1, "percent_covered": 0.0, "percent_covered_display": "0", "missing_lines": 1, "excluded_lines": 0, "percent_statements_covered": 0.0, "percent_statements_covered_display": "0"}, "missing_lines": [63], "excluded_lines": [], "start_line": 58}, "SimulationResult.torsion": {"executed_lines": [], "summary": {"covered_lines": 0, "num_statements": 1, "percent_covered": 0.0, "percent_covered_display": "0", "missing_lines": 1, "excluded_lines": 0, "percent_statements_covered": 0.0, "percent_statements_covered_display": "0"}, "missing_lines": [68], "excluded_lines": [], "start_line": 66}, "_check_pyelastica": {"executed_lines": [], "summary": {"covered_lines": 0, "num_statements": 2, "percent_covered": 0.0, "percent_covered_display": "0", "missing_lines": 2, "excluded_lines": 0, "percent_statements_covered": 0.0, "percent_statements_covered_display": "0"}, "missing_lines": [71, 72], "excluded_lines": [], "start_line": 70}, "ActiveMuscleTorques.__init__": {"executed_lines": [], "summary": {"covered_lines": 0, "num_statements": 2, "percent_covered": 0.0, "percent_covered_display": "0", "missing_lines": 2, "excluded_lines": 0, "percent_statements_covered": 0.0, "percent_statements_covered_display": "0"}, "missing_lines": [81, 82], "excluded_lines": [], "start_line": 80}, "ActiveMuscleTorques.apply_torques": {"executed_lines": [], "summary": {"covered_lines": 0, "num_statements": 1, "percent_covered": 0.0, "percent_covered_display": "0", "missing_lines": 1, "excluded_lines": 0, "percent_statements_covered": 0.0, "percent_statements_covered_display": "0"}, "missing_lines": [85], "excluded_lines": [], "start_line": 84}, "CounterCurvatureRodSystem.__init__": {"executed_lines": [], "summary": {"covered_lines": 0, "num_statements": 6, "percent_covered": 0.0, "percent_covered_display": "0", "missing_lines": 6, "excluded_lines": 0, "percent_statements_covered": 0.0, "percent_statements_covered_display": "0"}, "missing_lines": [95, 96, 97, 98, 99, 100], "excluded_lines": [], "start_line": 88}, "CounterCurvatureRodSystem.from_iec": {"executed_lines": [], "summary": {"covered_lines": 0, "num_statements": 28, "percent_covered": 0.0, "percent_covered_display": "0", "missing_lines": 28, "excluded_lines": 0, "percent_statements_covered": 0.0, "percent_statements_covered_display": "0"}, "missing_lines": [121, 124, 137, 142, 143, 144, 149, 150, 151, 155, 156, 160, 161, 162, 167, 168, 172, 178, 179, 180, 182, 185, 186, 187, 190, 194, 195, 197], "excluded_lines": [], "start_line": 103}, "CounterCurvatureRodSystem.run_simulation": {"executed_lines": [], "summary": {"covered_lines": 0, "num_statements": 28, "percent_covered": 0.0, "percent_covered_display": "0", "missing_lines": 28, "excluded_lines": 0, "percent_statements_covered": 0.0, "percent_statements_covered_display": "0"}, "missing_lines": [210, 212, 213, 215, 216, 219, 221, 227, 228, 231, 234, 235, 238, 241, 242, 246, 253, 254, 256, 257, 258, 263, 264, 265, 266, 267, 269, 271], "excluded_lines": [], "start_line": 199}, "CounterCurvatureRodSystem.run_simulation.CCCallback.__init__": {"executed_lines": [], "summary": {"covered_lines": 0, "num_statements": 3, "percent_covered": 0.0, "percent_covered_display": "0", "missing_lines": 3, "excluded_lines": 0, "percent_statements_covered": 0.0, "percent_statements_covered_display": "0"}, "missing_lines": [243, 244, 245], "excluded_lines": [], "start_line": 242}, "CounterCurvatureRodSystem.run_simulation.CCCallback.make_callback": {"executed_lines": [], "summary": {"covered_lines": 0, "num_statements": 4, "percent_covered": 0.0, "percent_covered_display": "0", "missing_lines": 4, "excluded_lines": 0, "percent_statements_covered": 0.0, "percent_statements_covered_display": "0"}, "missing_lines": [247, 248, 249, 251], "excluded_lines": [], "start_line": 246}, "": {"executed_lines": [10, 12, 13, 15, 16, 18, 24, 26, 29, 30, 32, 33, 35, 36, 37, 38, 39, 40, 41, 42, 43, 44, 45, 46, 47, 48, 50, 51, 52, 53, 54, 55, 57, 58, 65, 66, 70, 78, 80, 84, 87, 88, 102, 103, 199, 278], "summary": {"covered_lines": 46, "num_statements": 47, "percent_covered": 97.87234042553192, "percent_covered_display": "98", "missing_lines": 1, "excluded_lines": 0, "percent_statements_covered": 97.87234042553192, "percent_statements_covered_display": "98"}, "missing_lines": [31], "excluded_lines": [], "start_line": 1}}, "classes": {"SimulationResult": {"executed_lines": [], "summary": {"covered_lines": 0, "num_statements": 2, "percent_covered": 0.0, "percent_covered_display": "0", "missing_lines": 2, "excluded_lines": 0, "percent_statements_covered": 0.0, "percent_statements_covered_display": "0"}, "missing_lines": [63, 68], "excluded_lines": [], "start_line": 51}, "ActiveMuscleTorques": {"executed_lines": [], "summary": {"covered_lines": 0, "num_statements": 3, "percent_covered": 0.0, "percent_covered_display": "0", "missing_lines": 3, "excluded_lines": 0, "percent_statements_covered": 0.0, "percent_statements_covered_display": "0"}, "missing_lines": [81, 82, 85], "excluded_lines": [], "start_line": 78}, "CounterCurvatureRodSystem": {"executed_lines": [], "summary": {"covered_lines": 0, "num_statements": 62, "percent_covered": 0.0, "percent_covered_display": "0", "missing_lines": 62, "excluded_lines": 0, "percent_statements_covered": 0.0, "percent_statements_covered_display": "0"}, "missing_lines": [95, 96, 97, 98, 99, 100, 121, 124, 137, 142, 143, 144, 149, 150, 151, 155, 156, 160, 161, 162, 167, 168, 172, 178, 179, 180, 182, 185, 186, 187, 190, 194, 195, 197, 210, 212, 213, 215, 216, 219, 221, 227, 228, 231, 234, 235, 238, 241, 242, 246, 253, 254, 256, 257, 258, 263, 264, 265, 266, 267, 269, 271], "excluded_lines": [], "start_line": 87}, "CounterCurvatureRodSystem.run_simulation.CCSystem": {"executed_lines": [], "summary": {"covered_lines": 0, "num_statements": 0, "percent_covered": 100.0, "percent_covered_display": "100", "missing_lines": 0, "excluded_lines": 0, "percent_statements_covered": 100.0, "percent_statements_covered_display": "100"}, "missing_lines": [], "excluded_lines": [], "start_line": 212}, "CounterCurvatureRodSystem.run_simulation.CCCallback": {"executed_lines": [], "summary": {"covered_lines": 0, "num_statements": 7, "percent_covered": 0.0, "percent_covered_display": "0", "missing_lines": 7, "excluded_lines": 0, "percent_statements_covered": 0.0, "percent_statements_covered_display": "0"}, "missing_lines": [243, 244, 245, 247, 248, 249, 251], "excluded_lines": [], "start_line": 241}, "": {"executed_lines": [10, 12, 13, 15, 16, 18, 24, 26, 29, 30, 32, 33, 35, 36, 37, 38, 39, 40, 41, 42, 43, 44, 45, 46, 47, 48, 50, 51, 52, 53, 54, 55, 57, 58, 65, 66, 70, 78, 80, 84, 87, 88, 102, 103, 199, 278], "summary": {"covered_lines": 46, "num_statements": 49, "percent_covered": 93.87755102040816, "percent_covered_display": "94", "missing_lines": 3, "excluded_lines": 0, "percent_statements_covered": 93.87755102040816, "percent_statements_covered_display": "94"}, "missing_lines": [31, 71, 72], "excluded_lines": [], "start_line": 1}}}, "src/spinalmodes/countercurvature/scoliosis_metrics.py": {"executed_lines": [21, 23, 25, 27, 34, 56, 88, 128, 165, 166, 182, 183, 184, 185, 188, 212, 214, 215, 216, 217, 219, 220, 223, 248, 250, 252, 253, 256, 257, 258, 261, 262, 263, 265, 266, 267, 268, 271, 293, 294, 295, 308, 309, 325, 326, 327, 328, 331, 360, 364, 365, 367, 373, 379, 381], "summary": {"covered_lines": 55, "num_statements": 79, "percent_covered": 69.62025316455696, "percent_covered_display": "70", "missing_lines": 24, "excluded_lines": 0, "percent_statements_covered": 69.62025316455696, "percent_statements_covered_display": "70"}, "missing_lines": [48, 49, 50, 51, 52, 53, 81, 82, 84, 85, 120, 121, 122, 123, 124, 125, 155, 156, 157, 213, 218, 249, 251, 361], "excluded_lines": [], "functions": {"normalized_s_coordinate": {"executed_lines": [], "summary": {"covered_lines": 0, "num_statements": 6, "percent_covered": 0.0, "percent_covered_display": "0", "missing_lines": 6, "excluded_lines": 0, "percent_statements_covered": 0.0, "percent_statements_covered_display": "0"}, "missing_lines": [48, 49, 50, 51, 52, 53], "excluded_lines": [], "start_line": 34}, "thoracic_bump": {"executed_lines": [], "summary": {"covered_lines": 0, "num_statements": 4, "percent_covered": 0.0, "percent_covered_display": "0", "missing_lines": 4, "excluded_lines": 0, "percent_statements_covered": 0.0, "percent_statements_covered_display": "0"}, "missing_lines": [81, 82, 84, 85], "excluded_lines": [], "start_line": 56}, "apply_info_asymmetry": {"executed_lines": [], "summary": {"covered_lines": 0, "num_statements": 6, "percent_covered": 0.0, "percent_covered_display": "0", "missing_lines": 6, "excluded_lines": 0, "percent_statements_covered": 0.0, "percent_statements_covered_display": "0"}, "missing_lines": [120, 121, 122, 123, 124, 125], "excluded_lines": [], "start_line": 88}, "build_lateral_curvature_bump": {"executed_lines": [], "summary": {"covered_lines": 0, "num_statements": 3, "percent_covered": 0.0, "percent_covered_display": "0", "missing_lines": 3, "excluded_lines": 0, "percent_statements_covered": 0.0, "percent_statements_covered_display": "0"}, "missing_lines": [155, 156, 157], "excluded_lines": [], "start_line": 128}, "compute_lateral_scoliosis_index": {"executed_lines": [212, 214, 215, 216, 217, 219, 220], "summary": {"covered_lines": 7, "num_statements": 9, "percent_covered": 77.77777777777777, "percent_covered_display": "78", "missing_lines": 2, "excluded_lines": 0, "percent_statements_covered": 77.77777777777777, "percent_statements_covered_display": "78"}, "missing_lines": [213, 218], "excluded_lines": [], "start_line": 188}, "cobb_like_angle": {"executed_lines": [248, 250, 252, 253, 256, 257, 258, 261, 262, 263, 265, 266, 267, 268], "summary": {"covered_lines": 14, "num_statements": 16, "percent_covered": 87.5, "percent_covered_display": "88", "missing_lines": 2, "excluded_lines": 0, "percent_statements_covered": 87.5, "percent_statements_covered_display": "88"}, "missing_lines": [249, 251], "excluded_lines": [], "start_line": 223}, "compute_scoliosis_metrics": {"executed_lines": [293, 294, 295], "summary": {"covered_lines": 3, "num_statements": 3, "percent_covered": 100.0, "percent_covered_display": "100", "missing_lines": 0, "excluded_lines": 0, "percent_statements_covered": 100.0, "percent_statements_covered_display": "100"}, "missing_lines": [], "excluded_lines": [], "start_line": 271}, "classify_scoliotic_regime": {"executed_lines": [360, 364, 365, 367, 373, 379, 381], "summary": {"covered_lines": 7, "num_statements": 8, "percent_covered": 87.5, "percent_covered_display": "88", "missing_lines": 1, "excluded_lines": 0, "percent_statements_covered": 87.5, "percent_statements_covered_display": "88"}, "missing_lines": [361], "excluded_lines": [], "start_line": 331}, "": {"executed_lines": [21, 23, 25, 27, 34, 56, 88, 128, 165, 166, 182, 183, 184, 185, 188, 223, 271, 308, 309, 325, 326, 327, 328, 331], "summary": {"covered_lines": 24, "num_statements": 24, "percent_covered": 100.0, "percent_covered_display": "100", "missing_lines": 0, "excluded_lines": 0, "percent_statements_covered": 100.0, "percent_statements_covered_display": "100"}, "missing_lines": [], "excluded_lines": [], "start_line": 1}}, "classes": {"ScoliosisMetrics": {"executed_lines": [], "summary": {"covered_lines": 0, "num_statements": 0, "percent_covered": 100.0, "percent_covered_display": "100", "missing_lines": 0, "excluded_lines": 0, "percent_statements_covered": 100.0, "percent_statements_covered_display": "100"}, "missing_lines": [], "excluded_lines": [], "start_line": 166}, "RegimeThresholds": {"executed_lines": [], "summary": {"covered_lines": 0, "num_statements": 0, "percent_covered": 100.0, "percent_covered_display": "100", "missing_lines": 0, "excluded_lines": 0, "percent_statements_covered": 100.0, "percent_statements_covered_display": "100"}, "missing_lines": [], "excluded_lines": [], "start_line": 309}, "": {"executed_lines": [21, 23, 25, 27, 34, 56, 88, 128, 165, 166, 182, 183, 184, 185, 188, 212, 214, 215, 216, 217, 219, 220, 223, 248, 250, 252, 253, 256, 257, 258, 261, 262, 263, 265, 266, 267, 268, 271, 293, 294, 295, 308, 309, 325, 326, 327, 328, 331, 360, 364, 365, 367, 373, 379, 381], "summary": {"covered_lines": 55, "num_statements": 79, "percent_covered": 69.62025316455696, "percent_covered_display": "70", "missing_lines": 24, "excluded_lines": 0, "percent_statements_covered": 69.62025316455696, "percent_statements_covered_display": "70"}, "missing_lines": [48, 49, 50, 51, 52, 53, 81, 82, 84, 85, 120, 121, 122, 123, 124, 125, 155, 156, 157, 213, 218, 249, 251, 361], "excluded_lines": [], "start_line": 1}}}, "src/spinalmodes/countercurvature/validation_and_metrics.py": {"executed_lines": [14, 16, 18, 19, 21, 26, 29, 36, 37, 38, 40, 43, 47, 48, 49, 52, 61, 62, 65, 68, 69, 72, 80, 81, 84, 87, 88, 105, 165, 180, 192, 204, 205, 206, 209, 210, 213, 214, 216, 226], "summary": {"covered_lines": 40, "num_statements": 90, "percent_covered": 44.44444444444444, "percent_covered_display": "44", "missing_lines": 50, "excluded_lines": 2, "percent_statements_covered": 44.44444444444444, "percent_statements_covered_display": "44"}, "missing_lines": [41, 44, 89, 92, 93, 96, 98, 111, 114, 115, 116, 119, 126, 127, 130, 131, 132, 135, 136, 137, 138, 140, 141, 142, 145, 146, 147, 149, 150, 151, 152, 155, 156, 157, 158, 159, 160, 162, 172, 173, 174, 175, 176, 177, 178, 187, 188, 189, 190, 224], "excluded_lines": [23, 24], "functions": {"compute_countercurvature_metric": {"executed_lines": [36, 37, 38, 40, 43, 47, 48, 49, 52, 61, 62, 65, 68, 69], "summary": {"covered_lines": 14, "num_statements": 16, "percent_covered": 87.5, "percent_covered_display": "88", "missing_lines": 2, "excluded_lines": 0, "percent_statements_covered": 87.5, "percent_statements_covered_display": "88"}, "missing_lines": [41, 44], "excluded_lines": [], "start_line": 29}, "geodesic_curvature_deviation": {"executed_lines": [80, 81, 84, 87, 88], "summary": {"covered_lines": 5, "num_statements": 10, "percent_covered": 50.0, "percent_covered_display": "50", "missing_lines": 5, "excluded_lines": 0, "percent_statements_covered": 50.0, "percent_statements_covered_display": "50"}, "missing_lines": [89, 92, 93, 96, 98], "excluded_lines": [], "start_line": 72}, "compute_comprehensive_metrics": {"executed_lines": [], "summary": {"covered_lines": 0, "num_statements": 31, "percent_covered": 0.0, "percent_covered_display": "0", "missing_lines": 31, "excluded_lines": 0, "percent_statements_covered": 0.0, "percent_statements_covered_display": "0"}, "missing_lines": [111, 114, 115, 116, 119, 126, 127, 130, 131, 132, 135, 136, 137, 138, 140, 141, 142, 145, 146, 147, 149, 150, 151, 152, 155, 156, 157, 158, 159, 160, 162], "excluded_lines": [], "start_line": 105}, "compute_countercurvature_energy": {"executed_lines": [], "summary": {"covered_lines": 0, "num_statements": 7, "percent_covered": 0.0, "percent_covered_display": "0", "missing_lines": 7, "excluded_lines": 0, "percent_statements_covered": 0.0, "percent_statements_covered_display": "0"}, "missing_lines": [172, 173, 174, 175, 176, 177, 178], "excluded_lines": [], "start_line": 165}, "compute_effective_metric_deviation": {"executed_lines": [], "summary": {"covered_lines": 0, "num_statements": 4, "percent_covered": 0.0, "percent_covered_display": "0", "missing_lines": 4, "excluded_lines": 0, "percent_statements_covered": 0.0, "percent_statements_covered_display": "0"}, "missing_lines": [187, 188, 189, 190], "excluded_lines": [], "start_line": 180}, "compute_shape_preservation_index": {"executed_lines": [204, 205, 206, 209, 210, 213, 214], "summary": {"covered_lines": 7, "num_statements": 7, "percent_covered": 100.0, "percent_covered_display": "100", "missing_lines": 0, "excluded_lines": 0, "percent_statements_covered": 100.0, "percent_statements_covered_display": "100"}, "missing_lines": [], "excluded_lines": [], "start_line": 192}, "compare_with_beam_solver": {"executed_lines": [], "summary": {"covered_lines": 0, "num_statements": 1, "percent_covered": 0.0, "percent_covered_display": "0", "missing_lines": 1, "excluded_lines": 0, "percent_statements_covered": 0.0, "percent_statements_covered_display": "0"}, "missing_lines": [224], "excluded_lines": [], "start_line": 216}, "": {"executed_lines": [14, 16, 18, 19, 21, 26, 29, 72, 105, 165, 180, 192, 216, 226], "summary": {"covered_lines": 14, "num_statements": 14, "percent_covered": 100.0, "percent_covered_display": "100", "missing_lines": 0, "excluded_lines": 2, "percent_statements_covered": 100.0, "percent_statements_covered_display": "100"}, "missing_lines": [], "excluded_lines": [23, 24], "start_line": 1}}, "classes": {"": {"executed_lines": [14, 16, 18, 19, 21, 26, 29, 36, 37, 38, 40, 43, 47, 48, 49, 52, 61, 62, 65, 68, 69, 72, 80, 81, 84, 87, 88, 105, 165, 180, 192, 204, 205, 206, 209, 210, 213, 214, 216, 226], "summary": {"covered_lines": 40, "num_statements": 90, "percent_covered": 44.44444444444444, "percent_covered_display": "44", "missing_lines": 50, "excluded_lines": 2, "percent_statements_covered": 44.44444444444444, "percent_statements_covered_display": "44"}, "missing_lines": [41, 44, 89, 92, 93, 96, 98, 111, 114, 115, 116, 119, 126, 127, 130, 131, 132, 135, 136, 137, 138, 140, 141, 142, 145, 146, 147, 149, 150, 151, 152, 155, 156, 157, 158, 159, 160, 162, 172, 173, 174, 175, 176, 177, 178, 187, 188, 189, 190, 224], "excluded_lines": [23, 24], "start_line": 1}}}, "src/spinalmodes/datasets/__init__.py": {"executed_lines": [8, 15], "summary": {"covered_lines": 2, "num_statements": 2, "percent_covered": 100.0, "percent_covered_display": "100", "missing_lines": 0, "excluded_lines": 0, "percent_statements_covered": 100.0, "percent_statements_covered_display": "100"}, "missing_lines": [], "excluded_lines": [], "functions": {"": {"executed_lines": [8, 15], "summary": {"covered_lines": 2, "num_statements": 2, "percent_covered": 100.0, "percent_covered_display": "100", "missing_lines": 0, "excluded_lines": 0, "percent_statements_covered": 100.0, "percent_statements_covered_display": "100"}, "missing_lines": [], "excluded_lines": [], "start_line": 1}}, "classes": {"": {"executed_lines": [8, 15], "summary": {"covered_lines": 2, "num_statements": 2, "percent_covered": 100.0, "percent_covered_display": "100", "missing_lines": 0, "excluded_lines": 0, "percent_statements_covered": 100.0, "percent_statements_covered_display": "100"}, "missing_lines": [], "excluded_lines": [], "start_line": 1}}}, "src/spinalmodes/datasets/alpha_gold.py": {"executed_lines": [15, 17, 18, 19, 21, 22, 23, 25, 34, 37, 38, 41, 42, 43, 44, 45, 47, 48, 51, 52, 55, 57, 61, 66, 68, 70, 73, 74, 75, 76, 77, 78, 79, 82, 118, 138, 139, 140, 142, 145, 146, 147, 148, 151, 152, 153, 154, 155, 157, 158, 160, 161, 162, 166, 167, 168, 170, 171, 172, 173, 175, 176, 177, 179, 182, 184, 187, 188, 191, 194, 196, 211, 228, 229, 231, 237, 239, 269], "summary": {"covered_lines": 78, "num_statements": 104, "percent_covered": 75.0, "percent_covered_display": "75", "missing_lines": 26, "excluded_lines": 0, "percent_statements_covered": 75.0, "percent_statements_covered_display": "75"}, "missing_lines": [58, 67, 69, 71, 91, 92, 93, 94, 95, 97, 98, 99, 100, 101, 102, 103, 113, 114, 115, 143, 156, 159, 163, 180, 245, 249], "excluded_lines": [], "functions": {"AlphaGoldSample.info_field": {"executed_lines": [48], "summary": {"covered_lines": 1, "num_statements": 1, "percent_covered": 100.0, "percent_covered_display": "100", "missing_lines": 0, "excluded_lines": 0, "percent_statements_covered": 100.0, "percent_statements_covered_display": "100"}, "missing_lines": [], "excluded_lines": [], "start_line": 47}, "AlphaGoldDataset.__iter__": {"executed_lines": [], "summary": {"covered_lines": 0, "num_statements": 1, "percent_covered": 0.0, "percent_covered_display": "0", "missing_lines": 1, "excluded_lines": 0, "percent_statements_covered": 0.0, "percent_statements_covered_display": "0"}, "missing_lines": [58], "excluded_lines": [], "start_line": 57}, "_compute_discrete_curvature_from_polyline": {"executed_lines": [66, 68, 70, 73, 74, 75, 76, 77, 78, 79], "summary": {"covered_lines": 10, "num_statements": 13, "percent_covered": 76.92307692307692, "percent_covered_display": "77", "missing_lines": 3, "excluded_lines": 0, "percent_statements_covered": 76.92307692307692, "percent_statements_covered_display": "77"}, "missing_lines": [67, 69, 71], "excluded_lines": [], "start_line": 61}, "load_alpha_gold_csv": {"executed_lines": [], "summary": {"covered_lines": 0, "num_statements": 15, "percent_covered": 0.0, "percent_covered_display": "0", "missing_lines": 15, "excluded_lines": 0, "percent_statements_covered": 0.0, "percent_statements_covered_display": "0"}, "missing_lines": [91, 92, 93, 94, 95, 97, 98, 99, 100, 101, 102, 103, 113, 114, 115], "excluded_lines": [], "start_line": 82}, "load_alphafold_pdb": {"executed_lines": [138, 139, 140, 142, 145, 146, 147, 148, 151, 152, 153, 154, 155, 157, 158, 160, 161, 162, 166, 167, 168, 170, 171, 172, 173, 175, 176, 177, 179, 182, 184, 187, 188, 191, 194, 196], "summary": {"covered_lines": 36, "num_statements": 41, "percent_covered": 87.8048780487805, "percent_covered_display": "88", "missing_lines": 5, "excluded_lines": 0, "percent_statements_covered": 87.8048780487805, "percent_statements_covered_display": "88"}, "missing_lines": [143, 156, 159, 163, 180], "excluded_lines": [], "start_line": 118}, "compute_alpha_gold_countercurvature_metrics": {"executed_lines": [228, 229, 231, 237, 239], "summary": {"covered_lines": 5, "num_statements": 7, "percent_covered": 71.42857142857143, "percent_covered_display": "71", "missing_lines": 2, "excluded_lines": 0, "percent_statements_covered": 71.42857142857143, "percent_statements_covered_display": "71"}, "missing_lines": [245, 249], "excluded_lines": [], "start_line": 211}, "": {"executed_lines": [15, 17, 18, 19, 21, 22, 23, 25, 34, 37, 38, 41, 42, 43, 44, 45, 47, 51, 52, 55, 57, 61, 82, 118, 211, 269], "summary": {"covered_lines": 26, "num_statements": 26, "percent_covered": 100.0, "percent_covered_display": "100", "missing_lines": 0, "excluded_lines": 0, "percent_statements_covered": 100.0, "percent_statements_covered_display": "100"}, "missing_lines": [], "excluded_lines": [], "start_line": 1}}, "classes": {"AlphaGoldSample": {"executed_lines": [48], "summary": {"covered_lines": 1, "num_statements": 1, "percent_covered": 100.0, "percent_covered_display": "100", "missing_lines": 0, "excluded_lines": 0, "percent_statements_covered": 100.0, "percent_statements_covered_display": "100"}, "missing_lines": [], "excluded_lines": [], "start_line": 38}, "AlphaGoldDataset": {"executed_lines": [], "summary": {"covered_lines": 0, "num_statements": 1, "percent_covered": 0.0, "percent_covered_display": "0", "missing_lines": 1, "excluded_lines": 0, "percent_statements_covered": 0.0, "percent_statements_covered_display": "0"}, "missing_lines": [58], "excluded_lines": [], "start_line": 52}, "": {"executed_lines": [15, 17, 18, 19, 21, 22, 23, 25, 34, 37, 38, 41, 42, 43, 44, 45, 47, 51, 52, 55, 57, 61, 66, 68, 70, 73, 74, 75, 76, 77, 78, 79, 82, 118, 138, 139, 140, 142, 145, 146, 147, 148, 151, 152, 153, 154, 155, 157, 158, 160, 161, 162, 166, 167, 168, 170, 171, 172, 173, 175, 176, 177, 179, 182, 184, 187, 188, 191, 194, 196, 211, 228, 229, 231, 237, 239, 269], "summary": {"covered_lines": 77, "num_statements": 102, "percent_covered": 75.49019607843137, "percent_covered_display": "75", "missing_lines": 25, "excluded_lines": 0, "percent_statements_covered": 75.49019607843137, "percent_statements_covered_display": "75"}, "missing_lines": [67, 69, 71, 91, 92, 93, 94, 95, 97, 98, 99, 100, 101, 102, 103, 113, 114, 115, 143, 156, 159, 163, 180, 245, 249], "excluded_lines": [], "start_line": 1}}}, "src/spinalmodes/fig_iec_discriminators.py": {"executed_lines": [], "summary": {"covered_lines": 0, "num_statements": 86, "percent_covered": 0.0, "percent_covered_display": "0", "missing_lines": 86, "excluded_lines": 0, "percent_statements_covered": 0.0, "percent_statements_covered_display": "0"}, "missing_lines": [10, 11, 13, 14, 15, 17, 27, 33, 34, 36, 39, 41, 42, 43, 45, 47, 48, 49, 50, 51, 54, 55, 56, 57, 60, 61, 63, 65, 67, 68, 69, 70, 71, 74, 76, 77, 79, 80, 81, 82, 83, 84, 85, 87, 88, 89, 90, 91, 92, 95, 97, 98, 99, 101, 102, 103, 105, 106, 107, 108, 109, 110, 111, 112, 114, 117, 118, 120, 124, 127, 128, 142, 143, 157, 158, 159, 172, 173, 174, 177, 178, 216, 217, 218, 221, 222], "excluded_lines": [], "functions": {"generate_fig_iec_discriminators": {"executed_lines": [], "summary": {"covered_lines": 0, "num_statements": 77, "percent_covered": 0.0, "percent_covered_display": "0", "missing_lines": 77, "excluded_lines": 0, "percent_statements_covered": 0.0, "percent_statements_covered_display": "0"}, "missing_lines": [33, 34, 36, 39, 41, 42, 43, 45, 47, 48, 49, 50, 51, 54, 55, 56, 57, 60, 61, 63, 65, 67, 68, 69, 70, 71, 74, 76, 77, 79, 80, 81, 82, 83, 84, 85, 87, 88, 89, 90, 91, 92, 95, 97, 98, 99, 101, 102, 103, 105, 106, 107, 108, 109, 110, 111, 112, 114, 117, 118, 120, 124, 127, 128, 142, 143, 157, 158, 159, 172, 173, 174, 177, 178, 216, 217, 218], "excluded_lines": [], "start_line": 27}, "": {"executed_lines": [], "summary": {"covered_lines": 0, "num_statements": 9, "percent_covered": 0.0, "percent_covered_display": "0", "missing_lines": 9, "excluded_lines": 0, "percent_statements_covered": 0.0, "percent_statements_covered_display": "0"}, "missing_lines": [10, 11, 13, 14, 15, 17, 27, 221, 222], "excluded_lines": [], "start_line": 1}}, "classes": {"": {"executed_lines": [], "summary": {"covered_lines": 0, "num_statements": 86, "percent_covered": 0.0, "percent_covered_display": "0", "missing_lines": 86, "excluded_lines": 0, "percent_statements_covered": 0.0, "percent_statements_covered_display": "0"}, "missing_lines": [10, 11, 13, 14, 15, 17, 27, 33, 34, 36, 39, 41, 42, 43, 45, 47, 48, 49, 50, 51, 54, 55, 56, 57, 60, 61, 63, 65, 67, 68, 69, 70, 71, 74, 76, 77, 79, 80, 81, 82, 83, 84, 85, 87, 88, 89, 90, 91, 92, 95, 97, 98, 99, 101, 102, 103, 105, 106, 107, 108, 109, 110, 111, 112, 114, 117, 118, 120, 124, 127, 128, 142, 143, 157, 158, 159, 172, 173, 174, 177, 178, 216, 217, 218, 221, 222], "excluded_lines": [], "start_line": 1}}}, "src/spinalmodes/iec.py": {"executed_lines": [10, 11, 13, 14, 17, 18, 22, 23, 24, 25, 28, 29, 30, 33, 34, 35, 36, 37, 40, 41, 43, 44, 46, 48, 50, 53, 66, 68, 70, 72, 74, 76, 78, 82, 84, 87, 90, 103, 106, 124, 125, 129, 134, 135, 139, 141, 144, 158, 159, 160, 162, 163, 167, 168, 169, 172, 187, 188, 190, 194, 197, 198, 202, 203, 206, 207, 210, 212, 215, 225, 226, 229, 241, 249, 266, 269, 270, 272, 275, 313, 316, 317, 321, 325, 326, 327, 328, 331, 334, 335, 336, 338, 340, 343, 365, 367, 368, 371, 374, 376], "summary": {"covered_lines": 100, "num_statements": 105, "percent_covered": 95.23809523809524, "percent_covered_display": "95", "missing_lines": 5, "excluded_lines": 0, "percent_statements_covered": 95.23809523809524, "percent_statements_covered_display": "95"}, "missing_lines": [191, 195, 314, 318, 337], "excluded_lines": [], "functions": {"IECParameters.s_array": {"executed_lines": [46], "summary": {"covered_lines": 1, "num_statements": 1, "percent_covered": 100.0, "percent_covered_display": "100", "missing_lines": 0, "excluded_lines": 0, "percent_statements_covered": 100.0, "percent_statements_covered_display": "100"}, "missing_lines": [], "excluded_lines": [], "start_line": 44}, "IECParameters.get_s_array": {"executed_lines": [50], "summary": {"covered_lines": 1, "num_statements": 1, "percent_covered": 100.0, "percent_covered_display": "100", "missing_lines": 0, "excluded_lines": 0, "percent_statements_covered": 100.0, "percent_statements_covered_display": "100"}, "missing_lines": [], "excluded_lines": [], "start_line": 48}, "generate_coherence_field": {"executed_lines": [66, 68, 70, 72, 74, 76, 78, 82, 84, 87], "summary": {"covered_lines": 10, "num_statements": 10, "percent_covered": 100.0, "percent_covered_display": "100", "missing_lines": 0, "excluded_lines": 0, "percent_statements_covered": 100.0, "percent_statements_covered_display": "100"}, "missing_lines": [], "excluded_lines": [], "start_line": 53}, "compute_gradient": {"executed_lines": [103], "summary": {"covered_lines": 1, "num_statements": 1, "percent_covered": 100.0, "percent_covered_display": "100", "missing_lines": 0, "excluded_lines": 0, "percent_statements_covered": 100.0, "percent_statements_covered_display": "100"}, "missing_lines": [], "excluded_lines": [], "start_line": 90}, "apply_iec_coupling": {"executed_lines": [124, 125, 129, 134, 135, 139, 141], "summary": {"covered_lines": 7, "num_statements": 7, "percent_covered": 100.0, "percent_covered_display": "100", "missing_lines": 0, "excluded_lines": 0, "percent_statements_covered": 100.0, "percent_statements_covered_display": "100"}, "missing_lines": [], "excluded_lines": [], "start_line": 106}, "compute_wavelength": {"executed_lines": [158, 159, 160, 162, 163, 167, 168, 169], "summary": {"covered_lines": 8, "num_statements": 8, "percent_covered": 100.0, "percent_covered_display": "100", "missing_lines": 0, "excluded_lines": 0, "percent_statements_covered": 100.0, "percent_statements_covered_display": "100"}, "missing_lines": [], "excluded_lines": [], "start_line": 144}, "compute_node_positions": {"executed_lines": [187, 188, 190, 194, 197, 198, 202, 203, 206, 207, 210, 212], "summary": {"covered_lines": 12, "num_statements": 14, "percent_covered": 85.71428571428571, "percent_covered_display": "86", "missing_lines": 2, "excluded_lines": 0, "percent_statements_covered": 85.71428571428571, "percent_statements_covered_display": "86"}, "missing_lines": [191, 195], "excluded_lines": [], "start_line": 172}, "compute_amplitude": {"executed_lines": [225, 226], "summary": {"covered_lines": 2, "num_statements": 2, "percent_covered": 100.0, "percent_covered_display": "100", "missing_lines": 0, "excluded_lines": 0, "percent_statements_covered": 100.0, "percent_statements_covered_display": "100"}, "missing_lines": [], "excluded_lines": [], "start_line": 215}, "compute_torsion_stats": {"executed_lines": [241], "summary": {"covered_lines": 1, "num_statements": 1, "percent_covered": 100.0, "percent_covered_display": "100", "missing_lines": 0, "excluded_lines": 0, "percent_statements_covered": 100.0, "percent_statements_covered_display": "100"}, "missing_lines": [], "excluded_lines": [], "start_line": 229}, "compute_helical_threshold": {"executed_lines": [266, 269, 270, 272], "summary": {"covered_lines": 4, "num_statements": 4, "percent_covered": 100.0, "percent_covered_display": "100", "missing_lines": 0, "excluded_lines": 0, "percent_statements_covered": 100.0, "percent_statements_covered_display": "100"}, "missing_lines": [], "excluded_lines": [], "start_line": 249}, "solve_beam_static": {"executed_lines": [313, 316, 317, 321, 325, 326, 327, 328, 331, 334, 335, 336, 338, 340], "summary": {"covered_lines": 14, "num_statements": 17, "percent_covered": 82.3529411764706, "percent_covered_display": "82", "missing_lines": 3, "excluded_lines": 0, "percent_statements_covered": 82.3529411764706, "percent_statements_covered_display": "82"}, "missing_lines": [314, 318, 337], "excluded_lines": [], "start_line": 275}, "solve_dynamic_modes": {"executed_lines": [365, 367, 368, 371, 374, 376], "summary": {"covered_lines": 6, "num_statements": 6, "percent_covered": 100.0, "percent_covered_display": "100", "missing_lines": 0, "excluded_lines": 0, "percent_statements_covered": 100.0, "percent_statements_covered_display": "100"}, "missing_lines": [], "excluded_lines": [], "start_line": 343}, "": {"executed_lines": [10, 11, 13, 14, 17, 18, 22, 23, 24, 25, 28, 29, 30, 33, 34, 35, 36, 37, 40, 41, 43, 44, 48, 53, 90, 106, 144, 172, 215, 229, 249, 275, 343], "summary": {"covered_lines": 33, "num_statements": 33, "percent_covered": 100.0, "percent_covered_display": "100", "missing_lines": 0, "excluded_lines": 0, "percent_statements_covered": 100.0, "percent_statements_covered_display": "100"}, "missing_lines": [], "excluded_lines": [], "start_line": 1}}, "classes": {"IECParameters": {"executed_lines": [46, 50], "summary": {"covered_lines": 2, "num_statements": 2, "percent_covered": 100.0, "percent_covered_display": "100", "missing_lines": 0, "excluded_lines": 0, "percent_statements_covered": 100.0, "percent_statements_covered_display": "100"}, "missing_lines": [], "excluded_lines": [], "start_line": 18}, "": {"executed_lines": [10, 11, 13, 14, 17, 18, 22, 23, 24, 25, 28, 29, 30, 33, 34, 35, 36, 37, 40, 41, 43, 44, 48, 53, 66, 68, 70, 72, 74, 76, 78, 82, 84, 87, 90, 103, 106, 124, 125, 129, 134, 135, 139, 141, 144, 158, 159, 160, 162, 163, 167, 168, 169, 172, 187, 188, 190, 194, 197, 198, 202, 203, 206, 207, 210, 212, 215, 225, 226, 229, 241, 249, 266, 269, 270, 272, 275, 313, 316, 317, 321, 325, 326, 327, 328, 331, 334, 335, 336, 338, 340, 343, 365, 367, 368, 371, 374, 376], "summary": {"covered_lines": 98, "num_statements": 103, "percent_covered": 95.14563106796116, "percent_covered_display": "95", "missing_lines": 5, "excluded_lines": 0, "percent_statements_covered": 95.14563106796116, "percent_statements_covered_display": "95"}, "missing_lines": [191, 195, 314, 318, 337], "excluded_lines": [], "start_line": 1}}}, "src/spinalmodes/iec_cli.py": {"executed_lines": [3, 4, 5, 7, 8, 9, 10, 11, 13, 15, 27, 30, 38, 39, 117, 118, 171, 172, 259, 260, 342, 343, 385], "summary": {"covered_lines": 23, "num_statements": 167, "percent_covered": 13.77245508982036, "percent_covered_display": "14", "missing_lines": 144, "excluded_lines": 0, "percent_statements_covered": 13.77245508982036, "percent_statements_covered_display": "14"}, "missing_lines": [32, 33, 34, 35, 46, 47, 50, 62, 63, 66, 69, 70, 71, 72, 73, 76, 77, 78, 79, 80, 84, 93, 94, 95, 98, 111, 112, 113, 114, 127, 128, 130, 131, 133, 135, 137, 140, 143, 144, 147, 148, 151, 152, 153, 155, 166, 167, 168, 180, 181, 183, 184, 187, 188, 190, 191, 193, 194, 196, 199, 200, 201, 203, 204, 206, 218, 219, 220, 223, 226, 227, 229, 230, 232, 233, 234, 235, 237, 238, 239, 241, 244, 245, 254, 255, 256, 268, 271, 272, 273, 276, 277, 280, 283, 284, 287, 288, 291, 294, 295, 302, 303, 304, 305, 306, 307, 308, 311, 312, 313, 314, 315, 316, 317, 318, 320, 321, 322, 324, 327, 328, 338, 339, 350, 353, 354, 356, 359, 360, 361, 362, 363, 364, 365, 366, 368, 369, 370, 372, 375, 376, 381, 382, 386], "excluded_lines": [], "functions": {"parse_range_spec": {"executed_lines": [], "summary": {"covered_lines": 0, "num_statements": 4, "percent_covered": 0.0, "percent_covered_display": "0", "missing_lines": 4, "excluded_lines": 0, "percent_statements_covered": 0.0, "percent_statements_covered_display": "0"}, "missing_lines": [32, 33, 34, 35], "excluded_lines": [], "start_line": 30}, "demo": {"executed_lines": [], "summary": {"covered_lines": 0, "num_statements": 25, "percent_covered": 0.0, "percent_covered_display": "0", "missing_lines": 25, "excluded_lines": 0, "percent_statements_covered": 0.0, "percent_statements_covered_display": "0"}, "missing_lines": [46, 47, 50, 62, 63, 66, 69, 70, 71, 72, 73, 76, 77, 78, 79, 80, 84, 93, 94, 95, 98, 111, 112, 113, 114], "excluded_lines": [], "start_line": 39}, "sweep": {"executed_lines": [], "summary": {"covered_lines": 0, "num_statements": 19, "percent_covered": 0.0, "percent_covered_display": "0", "missing_lines": 19, "excluded_lines": 0, "percent_statements_covered": 0.0, "percent_statements_covered_display": "0"}, "missing_lines": [127, 128, 130, 131, 133, 135, 137, 140, 143, 144, 147, 148, 151, 152, 153, 155, 166, 167, 168], "excluded_lines": [], "start_line": 118}, "phase": {"executed_lines": [], "summary": {"covered_lines": 0, "num_statements": 38, "percent_covered": 0.0, "percent_covered_display": "0", "missing_lines": 38, "excluded_lines": 0, "percent_statements_covered": 0.0, "percent_statements_covered_display": "0"}, "missing_lines": [180, 181, 183, 184, 187, 188, 190, 191, 193, 194, 196, 199, 200, 201, 203, 204, 206, 218, 219, 220, 223, 226, 227, 229, 230, 232, 233, 234, 235, 237, 238, 239, 241, 244, 245, 254, 255, 256], "excluded_lines": [], "start_line": 172}, "node_drift": {"executed_lines": [], "summary": {"covered_lines": 0, "num_statements": 37, "percent_covered": 0.0, "percent_covered_display": "0", "missing_lines": 37, "excluded_lines": 0, "percent_statements_covered": 0.0, "percent_statements_covered_display": "0"}, "missing_lines": [268, 271, 272, 273, 276, 277, 280, 283, 284, 287, 288, 291, 294, 295, 302, 303, 304, 305, 306, 307, 308, 311, 312, 313, 314, 315, 316, 317, 318, 320, 321, 322, 324, 327, 328, 338, 339], "excluded_lines": [], "start_line": 260}, "helical_threshold": {"executed_lines": [], "summary": {"covered_lines": 0, "num_statements": 20, "percent_covered": 0.0, "percent_covered_display": "0", "missing_lines": 20, "excluded_lines": 0, "percent_statements_covered": 0.0, "percent_statements_covered_display": "0"}, "missing_lines": [350, 353, 354, 356, 359, 360, 361, 362, 363, 364, 365, 366, 368, 369, 370, 372, 375, 376, 381, 382], "excluded_lines": [], "start_line": 343}, "": {"executed_lines": [3, 4, 5, 7, 8, 9, 10, 11, 13, 15, 27, 30, 38, 39, 117, 118, 171, 172, 259, 260, 342, 343, 385], "summary": {"covered_lines": 23, "num_statements": 24, "percent_covered": 95.83333333333333, "percent_covered_display": "96", "missing_lines": 1, "excluded_lines": 0, "percent_statements_covered": 95.83333333333333, "percent_statements_covered_display": "96"}, "missing_lines": [386], "excluded_lines": [], "start_line": 1}}, "classes": {"": {"executed_lines": [3, 4, 5, 7, 8, 9, 10, 11, 13, 15, 27, 30, 38, 39, 117, 118, 171, 172, 259, 260, 342, 343, 385], "summary": {"covered_lines": 23, "num_statements": 167, "percent_covered": 13.77245508982036, "percent_covered_display": "14", "missing_lines": 144, "excluded_lines": 0, "percent_statements_covered": 13.77245508982036, "percent_statements_covered_display": "14"}, "missing_lines": [32, 33, 34, 35, 46, 47, 50, 62, 63, 66, 69, 70, 71, 72, 73, 76, 77, 78, 79, 80, 84, 93, 94, 95, 98, 111, 112, 113, 114, 127, 128, 130, 131, 133, 135, 137, 140, 143, 144, 147, 148, 151, 152, 153, 155, 166, 167, 168, 180, 181, 183, 184, 187, 188, 190, 191, 193, 194, 196, 199, 200, 201, 203, 204, 206, 218, 219, 220, 223, 226, 227, 229, 230, 232, 233, 234, 235, 237, 238, 239, 241, 244, 245, 254, 255, 256, 268, 271, 272, 273, 276, 277, 280, 283, 284, 287, 288, 291, 294, 295, 302, 303, 304, 305, 306, 307, 308, 311, 312, 313, 314, 315, 316, 317, 318, 320, 321, 322, 324, 327, 328, 338, 339, 350, 353, 354, 356, 359, 360, 361, 362, 363, 364, 365, 366, 368, 369, 370, 372, 375, 376, 381, 382, 386], "excluded_lines": [], "start_line": 1}}}, "src/spinalmodes/model/__init__.py": {"executed_lines": [3, 5], "summary": {"covered_lines": 2, "num_statements": 2, "percent_covered": 100.0, "percent_covered_display": "100", "missing_lines": 0, "excluded_lines": 0, "percent_statements_covered": 100.0, "percent_statements_covered_display": "100"}, "missing_lines": [], "excluded_lines": [], "functions": {"": {"executed_lines": [3, 5], "summary": {"covered_lines": 2, "num_statements": 2, "percent_covered": 100.0, "percent_covered_display": "100", "missing_lines": 0, "excluded_lines": 0, "percent_statements_covered": 100.0, "percent_statements_covered_display": "100"}, "missing_lines": [], "excluded_lines": [], "start_line": 1}}, "classes": {"": {"executed_lines": [3, 5], "summary": {"covered_lines": 2, "num_statements": 2, "percent_covered": 100.0, "percent_covered_display": "100", "missing_lines": 0, "excluded_lines": 0, "percent_statements_covered": 100.0, "percent_statements_covered_display": "100"}, "missing_lines": [], "excluded_lines": [], "start_line": 1}}}, "src/spinalmodes/model/core.py": {"executed_lines": [3, 5, 6, 9, 10, 11, 12, 13, 14, 15, 16, 19, 20, 21, 22, 23, 24, 27, 29, 32, 50, 51, 52, 54, 55, 56, 59, 60, 63, 66, 67, 70, 71, 72], "summary": {"covered_lines": 34, "num_statements": 36, "percent_covered": 94.44444444444444, "percent_covered_display": "94", "missing_lines": 2, "excluded_lines": 0, "percent_statements_covered": 94.44444444444444, "percent_statements_covered_display": "94"}, "missing_lines": [57, 61], "excluded_lines": [], "functions": {"uniform_grid": {"executed_lines": [29], "summary": {"covered_lines": 1, "num_statements": 1, "percent_covered": 100.0, "percent_covered_display": "100", "missing_lines": 0, "excluded_lines": 0, "percent_statements_covered": 100.0, "percent_statements_covered_display": "100"}, "missing_lines": [], "excluded_lines": [], "start_line": 27}, "iec_kappa_target": {"executed_lines": [50, 51, 52, 54, 55, 56, 59, 60, 63, 66, 67, 70, 71, 72], "summary": {"covered_lines": 14, "num_statements": 16, "percent_covered": 87.5, "percent_covered_display": "88", "missing_lines": 2, "excluded_lines": 0, "percent_statements_covered": 87.5, "percent_statements_covered_display": "88"}, "missing_lines": [57, 61], "excluded_lines": [], "start_line": 32}, "": {"executed_lines": [3, 5, 6, 9, 10, 11, 12, 13, 14, 15, 16, 19, 20, 21, 22, 23, 24, 27, 32], "summary": {"covered_lines": 19, "num_statements": 19, "percent_covered": 100.0, "percent_covered_display": "100", "missing_lines": 0, "excluded_lines": 0, "percent_statements_covered": 100.0, "percent_statements_covered_display": "100"}, "missing_lines": [], "excluded_lines": [], "start_line": 1}}, "classes": {"Params": {"executed_lines": [], "summary": {"covered_lines": 0, "num_statements": 0, "percent_covered": 100.0, "percent_covered_display": "100", "missing_lines": 0, "excluded_lines": 0, "percent_statements_covered": 100.0, "percent_statements_covered_display": "100"}, "missing_lines": [], "excluded_lines": [], "start_line": 10}, "State": {"executed_lines": [], "summary": {"covered_lines": 0, "num_statements": 0, "percent_covered": 100.0, "percent_covered_display": "100", "missing_lines": 0, "excluded_lines": 0, "percent_statements_covered": 100.0, "percent_statements_covered_display": "100"}, "missing_lines": [], "excluded_lines": [], "start_line": 20}, "": {"executed_lines": [3, 5, 6, 9, 10, 11, 12, 13, 14, 15, 16, 19, 20, 21, 22, 23, 24, 27, 29, 32, 50, 51, 52, 54, 55, 56, 59, 60, 63, 66, 67, 70, 71, 72], "summary": {"covered_lines": 34, "num_statements": 36, "percent_covered": 94.44444444444444, "percent_covered_display": "94", "missing_lines": 2, "excluded_lines": 0, "percent_statements_covered": 94.44444444444444, "percent_statements_covered_display": "94"}, "missing_lines": [57, 61], "excluded_lines": [], "start_line": 1}}}, "src/spinalmodes/model/solvers/__init__.py": {"executed_lines": [3, 4, 6], "summary": {"covered_lines": 3, "num_statements": 3, "percent_covered": 100.0, "percent_covered_display": "100", "missing_lines": 0, "excluded_lines": 0, "percent_statements_covered": 100.0, "percent_statements_covered_display": "100"}, "missing_lines": [], "excluded_lines": [], "functions": {"": {"executed_lines": [3, 4, 6], "summary": {"covered_lines": 3, "num_statements": 3, "percent_covered": 100.0, "percent_covered_display": "100", "missing_lines": 0, "excluded_lines": 0, "percent_statements_covered": 100.0, "percent_statements_covered_display": "100"}, "missing_lines": [], "excluded_lines": [], "start_line": 1}}, "classes": {"": {"executed_lines": [3, 4, 6], "summary": {"covered_lines": 3, "num_statements": 3, "percent_covered": 100.0, "percent_covered_display": "100", "missing_lines": 0, "excluded_lines": 0, "percent_statements_covered": 100.0, "percent_statements_covered_display": "100"}, "missing_lines": [], "excluded_lines": [], "start_line": 1}}}, "src/spinalmodes/model/solvers/cosserat.py": {"executed_lines": [7, 9, 11, 14, 16, 17, 20, 21, 24], "summary": {"covered_lines": 9, "num_statements": 36, "percent_covered": 25.0, "percent_covered_display": "25", "missing_lines": 27, "excluded_lines": 0, "percent_statements_covered": 25.0, "percent_statements_covered_display": "25"}, "missing_lines": [19, 51, 52, 54, 56, 59, 60, 61, 62, 63, 64, 65, 66, 67, 70, 71, 72, 73, 74, 75, 76, 77, 80, 94, 103, 114, 115], "excluded_lines": [], "functions": {"available": {"executed_lines": [16, 17, 20, 21], "summary": {"covered_lines": 4, "num_statements": 5, "percent_covered": 80.0, "percent_covered_display": "80", "missing_lines": 1, "excluded_lines": 0, "percent_statements_covered": 80.0, "percent_statements_covered_display": "80"}, "missing_lines": [19], "excluded_lines": [], "start_line": 14}, "simulate_cosserat": {"executed_lines": [], "summary": {"covered_lines": 0, "num_statements": 26, "percent_covered": 0.0, "percent_covered_display": "0", "missing_lines": 26, "excluded_lines": 0, "percent_statements_covered": 0.0, "percent_statements_covered_display": "0"}, "missing_lines": [51, 52, 54, 56, 59, 60, 61, 62, 63, 64, 65, 66, 67, 70, 71, 72, 73, 74, 75, 76, 77, 80, 94, 103, 114, 115], "excluded_lines": [], "start_line": 24}, "": {"executed_lines": [7, 9, 11, 14, 24], "summary": {"covered_lines": 5, "num_statements": 5, "percent_covered": 100.0, "percent_covered_display": "100", "missing_lines": 0, "excluded_lines": 0, "percent_statements_covered": 100.0, "percent_statements_covered_display": "100"}, "missing_lines": [], "excluded_lines": [], "start_line": 1}}, "classes": {"": {"executed_lines": [7, 9, 11, 14, 16, 17, 20, 21, 24], "summary": {"covered_lines": 9, "num_statements": 36, "percent_covered": 25.0, "percent_covered_display": "25", "missing_lines": 27, "excluded_lines": 0, "percent_statements_covered": 25.0, "percent_statements_covered_display": "25"}, "missing_lines": [19, 51, 52, 54, 56, 59, 60, 61, 62, 63, 64, 65, 66, 67, 70, 71, 72, 73, 74, 75, 76, 77, 80, 94, 103, 114, 115], "excluded_lines": [], "start_line": 1}}}, "src/spinalmodes/model/solvers/euler_bernoulli.py": {"executed_lines": [3, 5, 8, 25, 27, 30, 31, 34, 35, 38, 39, 42, 43, 44, 45, 48, 50, 53, 55], "summary": {"covered_lines": 19, "num_statements": 21, "percent_covered": 90.47619047619048, "percent_covered_display": "90", "missing_lines": 2, "excluded_lines": 0, "percent_statements_covered": 90.47619047619048, "percent_statements_covered_display": "90"}, "missing_lines": [26, 28], "excluded_lines": [], "functions": {"integrate_shape_from_curvature": {"executed_lines": [25, 27, 30, 31, 34, 35, 38, 39, 42, 43, 44, 45], "summary": {"covered_lines": 12, "num_statements": 14, "percent_covered": 85.71428571428571, "percent_covered_display": "86", "missing_lines": 2, "excluded_lines": 0, "percent_statements_covered": 85.71428571428571, "percent_statements_covered_display": "86"}, "missing_lines": [26, 28], "excluded_lines": [], "start_line": 8}, "analytic_sinusoid": {"executed_lines": [50], "summary": {"covered_lines": 1, "num_statements": 1, "percent_covered": 100.0, "percent_covered_display": "100", "missing_lines": 0, "excluded_lines": 0, "percent_statements_covered": 100.0, "percent_statements_covered_display": "100"}, "missing_lines": [], "excluded_lines": [], "start_line": 48}, "l2_error": {"executed_lines": [55], "summary": {"covered_lines": 1, "num_statements": 1, "percent_covered": 100.0, "percent_covered_display": "100", "missing_lines": 0, "excluded_lines": 0, "percent_statements_covered": 100.0, "percent_statements_covered_display": "100"}, "missing_lines": [], "excluded_lines": [], "start_line": 53}, "": {"executed_lines": [3, 5, 8, 48, 53], "summary": {"covered_lines": 5, "num_statements": 5, "percent_covered": 100.0, "percent_covered_display": "100", "missing_lines": 0, "excluded_lines": 0, "percent_statements_covered": 100.0, "percent_statements_covered_display": "100"}, "missing_lines": [], "excluded_lines": [], "start_line": 1}}, "classes": {"": {"executed_lines": [3, 5, 8, 25, 27, 30, 31, 34, 35, 38, 39, 42, 43, 44, 45, 48, 50, 53, 55], "summary": {"covered_lines": 19, "num_statements": 21, "percent_covered": 90.47619047619048, "percent_covered_display": "90", "missing_lines": 2, "excluded_lines": 0, "percent_statements_covered": 90.47619047619048, "percent_statements_covered_display": "90"}, "missing_lines": [26, 28], "excluded_lines": [], "start_line": 1}}}, "src/spinalmodes/utils/__init__.py": {"executed_lines": [3, 4, 5, 7], "summary": {"covered_lines": 4, "num_statements": 4, "percent_covered": 100.0, "percent_covered_display": "100", "missing_lines": 0, "excluded_lines": 0, "percent_statements_covered": 100.0, "percent_statements_covered_display": "100"}, "missing_lines": [], "excluded_lines": [], "functions": {"": {"executed_lines": [3, 4, 5, 7], "summary": {"covered_lines": 4, "num_statements": 4, "percent_covered": 100.0, "percent_covered_display": "100", "missing_lines": 0, "excluded_lines": 0, "percent_statements_covered": 100.0, "percent_statements_covered_display": "100"}, "missing_lines": [], "excluded_lines": [], "start_line": 1}}, "classes": {"": {"executed_lines": [3, 4, 5, 7], "summary": {"covered_lines": 4, "num_statements": 4, "percent_covered": 100.0, "percent_covered_display": "100", "missing_lines": 0, "excluded_lines": 0, "percent_statements_covered": 100.0, "percent_statements_covered_display": "100"}, "missing_lines": [], "excluded_lines": [], "start_line": 1}}}, "src/spinalmodes/utils/metrics.py": {"executed_lines": [3, 5, 8, 10, 11, 12, 13, 16, 17, 18, 21, 23, 24, 25, 26, 27, 28, 30, 33, 35], "summary": {"covered_lines": 20, "num_statements": 22, "percent_covered": 90.9090909090909, "percent_covered_display": "91", "missing_lines": 2, "excluded_lines": 0, "percent_statements_covered": 90.9090909090909, "percent_statements_covered_display": "91"}, "missing_lines": [14, 29], "excluded_lines": [], "functions": {"wavelength_via_fft": {"executed_lines": [10, 11, 12, 13, 16, 17, 18], "summary": {"covered_lines": 7, "num_statements": 8, "percent_covered": 87.5, "percent_covered_display": "88", "missing_lines": 1, "excluded_lines": 0, "percent_statements_covered": 87.5, "percent_statements_covered_display": "88"}, "missing_lines": [14], "excluded_lines": [], "start_line": 8}, "phase_shift_via_xcorr": {"executed_lines": [23, 24, 25, 26, 27, 28, 30], "summary": {"covered_lines": 7, "num_statements": 8, "percent_covered": 87.5, "percent_covered_display": "88", "missing_lines": 1, "excluded_lines": 0, "percent_statements_covered": 87.5, "percent_statements_covered_display": "88"}, "missing_lines": [29], "excluded_lines": [], "start_line": 21}, "amplitude": {"executed_lines": [35], "summary": {"covered_lines": 1, "num_statements": 1, "percent_covered": 100.0, "percent_covered_display": "100", "missing_lines": 0, "excluded_lines": 0, "percent_statements_covered": 100.0, "percent_statements_covered_display": "100"}, "missing_lines": [], "excluded_lines": [], "start_line": 33}, "": {"executed_lines": [3, 5, 8, 21, 33], "summary": {"covered_lines": 5, "num_statements": 5, "percent_covered": 100.0, "percent_covered_display": "100", "missing_lines": 0, "excluded_lines": 0, "percent_statements_covered": 100.0, "percent_statements_covered_display": "100"}, "missing_lines": [], "excluded_lines": [], "start_line": 1}}, "classes": {"": {"executed_lines": [3, 5, 8, 10, 11, 12, 13, 16, 17, 18, 21, 23, 24, 25, 26, 27, 28, 30, 33, 35], "summary": {"covered_lines": 20, "num_statements": 22, "percent_covered": 90.9090909090909, "percent_covered_display": "91", "missing_lines": 2, "excluded_lines": 0, "percent_statements_covered": 90.9090909090909, "percent_statements_covered_display": "91"}, "missing_lines": [14, 29], "excluded_lines": [], "start_line": 1}}}, "src/spinalmodes/utils/provenance.py": {"executed_lines": [3, 5, 6, 7, 8, 9, 12, 20], "summary": {"covered_lines": 8, "num_statements": 15, "percent_covered": 53.333333333333336, "percent_covered_display": "53", "missing_lines": 7, "excluded_lines": 0, "percent_statements_covered": 53.333333333333336, "percent_statements_covered_display": "53"}, "missing_lines": [14, 15, 16, 17, 22, 23, 33], "excluded_lines": [], "functions": {"git_sha": {"executed_lines": [], "summary": {"covered_lines": 0, "num_statements": 4, "percent_covered": 0.0, "percent_covered_display": "0", "missing_lines": 4, "excluded_lines": 0, "percent_statements_covered": 0.0, "percent_statements_covered_display": "0"}, "missing_lines": [14, 15, 16, 17], "excluded_lines": [], "start_line": 12}, "write_provenance": {"executed_lines": [], "summary": {"covered_lines": 0, "num_statements": 3, "percent_covered": 0.0, "percent_covered_display": "0", "missing_lines": 3, "excluded_lines": 0, "percent_statements_covered": 0.0, "percent_statements_covered_display": "0"}, "missing_lines": [22, 23, 33], "excluded_lines": [], "start_line": 20}, "": {"executed_lines": [3, 5, 6, 7, 8, 9, 12, 20], "summary": {"covered_lines": 8, "num_statements": 8, "percent_covered": 100.0, "percent_covered_display": "100", "missing_lines": 0, "excluded_lines": 0, "percent_statements_covered": 100.0, "percent_statements_covered_display": "100"}, "missing_lines": [], "excluded_lines": [], "start_line": 1}}, "classes": {"": {"executed_lines": [3, 5, 6, 7, 8, 9, 12, 20], "summary": {"covered_lines": 8, "num_statements": 15, "percent_covered": 53.333333333333336, "percent_covered_display": "53", "missing_lines": 7, "excluded_lines": 0, "percent_statements_covered": 53.333333333333336, "percent_statements_covered_display": "53"}, "missing_lines": [14, 15, 16, 17, 22, 23, 33], "excluded_lines": [], "start_line": 1}}}, "src/spinalmodes/utils/seeds.py": {"executed_lines": [3, 4, 5, 8], "summary": {"covered_lines": 4, "num_statements": 7, "percent_covered": 57.142857142857146, "percent_covered_display": "57", "missing_lines": 3, "excluded_lines": 0, "percent_statements_covered": 57.142857142857146, "percent_statements_covered_display": "57"}, "missing_lines": [10, 11, 12], "excluded_lines": [], "functions": {"set_seed": {"executed_lines": [], "summary": {"covered_lines": 0, "num_statements": 3, "percent_covered": 0.0, "percent_covered_display": "0", "missing_lines": 3, "excluded_lines": 0, "percent_statements_covered": 0.0, "percent_statements_covered_display": "0"}, "missing_lines": [10, 11, 12], "excluded_lines": [], "start_line": 8}, "": {"executed_lines": [3, 4, 5, 8], "summary": {"covered_lines": 4, "num_statements": 4, "percent_covered": 100.0, "percent_covered_display": "100", "missing_lines": 0, "excluded_lines": 0, "percent_statements_covered": 100.0, "percent_statements_covered_display": "100"}, "missing_lines": [], "excluded_lines": [], "start_line": 1}}, "classes": {"": {"executed_lines": [3, 4, 5, 8], "summary": {"covered_lines": 4, "num_statements": 7, "percent_covered": 57.142857142857146, "percent_covered_display": "57", "missing_lines": 3, "excluded_lines": 0, "percent_statements_covered": 57.142857142857146, "percent_statements_covered_display": "57"}, "missing_lines": [10, 11, 12], "excluded_lines": [], "start_line": 1}}}}, "totals": {"covered_lines": 550, "num_statements": 1066, "percent_covered": 51.594746716697934, "percent_covered_display": "52", "missing_lines": 516, "excluded_lines": 4, "percent_statements_covered": 51.594746716697934, "percent_statements_covered_display": "52"}}